<?xml version="1.0" encoding="UTF-8"?>
<testsuite name="com.gt.petcatalog.PetcatalogApplicationTests" tests="1" skipped="0" failures="0" errors="0" timestamp="2024-02-01T21:12:21" hostname="AN515-57" time="0.442">
  <properties/>
  <testcase name="contextLoads()" classname="com.gt.petcatalog.PetcatalogApplicationTests" time="0.442"/>
  <system-out><![CDATA[18:12:20.124 [Test worker] INFO org.springframework.test.context.support.AnnotationConfigContextLoaderUtils -- Could not detect default configuration classes for test class [com.gt.petcatalog.PetcatalogApplicationTests]: PetcatalogApplicationTests does not declare any static, non-private, non-final, nested classes annotated with @Configuration.
18:12:20.173 [Test worker] INFO org.springframework.boot.test.context.SpringBootTestContextBootstrapper -- Found @SpringBootConfiguration com.gt.petcatalog.PetcatalogApplication for test class com.gt.petcatalog.PetcatalogApplicationTests

  .   ____          _            __ _ _
 /\\ / ___'_ __ _ _(_)_ __  __ _ \ \ \ \
( ( )\___ | '_ | '_| | '_ \/ _` | \ \ \ \
 \\/  ___)| |_)| | | | | || (_| |  ) ) ) )
  '  |____| .__|_| |_|_| |_\__, | / / / /
 =========|_|==============|___/=/_/_/_/
 :: Spring Boot ::                (v3.2.2)

2024-02-01T18:12:20.377-03:00  INFO 42501 --- [    Test worker] c.g.p.PetcatalogApplicationTests         : Starting PetcatalogApplicationTests using Java 17.0.9 with PID 42501 (started by gustavotiengo in /home/gustavotiengo/workspace/petcatalog)
2024-02-01T18:12:20.378-03:00  INFO 42501 --- [    Test worker] c.g.p.PetcatalogApplicationTests         : No active profile set, falling back to 1 default profile: "default"
2024-02-01T18:12:20.993-03:00  INFO 42501 --- [    Test worker] c.g.p.PetcatalogApplicationTests         : Started PetcatalogApplicationTests in 0.745 seconds (process running for 1.315)
]]></system-out>
  <system-err><![CDATA[]]></system-err>
</testsuite>
